# JRE version: OpenJDK Runtime Environment (8.0_242-b01) (build 1.8.0_242-release-1644-b01)
# Java VM: OpenJDK 64-Bit Server VM (25.242-b01 mixed mode windows-amd64 compressed oops)
Heap:
 PSYoungGen      total 340992K, used 214195K [0x00000000d5580000, 0x00000000f1700000, 0x0000000100000000)
  eden space 315904K, 59% used [0x00000000d5580000,0x00000000e0e33a20,0x00000000e8a00000)
  from space 25088K, 99% used [0x00000000e8a00000,0x00000000ea279440,0x00000000ea280000)
  to   space 31744K, 0% used [0x00000000ef800000,0x00000000ef800000,0x00000000f1700000)
 ParOldGen       total 120832K, used 48494K [0x0000000080000000, 0x0000000087600000, 0x00000000d5580000)
  object space 120832K, 40% used [0x0000000080000000,0x0000000082f5b9d8,0x0000000087600000)
 Metaspace       used 72827K, capacity 76224K, committed 76328K, reserved 1116160K
  class space    used 9816K, capacity 10524K, committed 10544K, reserved 1048576K
GC Heap History (10 events):
Event: 23.152 GC heap before
{Heap before GC invocations=10 (full 2):
 PSYoungGen      total 255488K, used 8011K [0x00000000d5580000, 0x00000000e5f00000, 0x0000000100000000)
  eden space 240640K, 0% used [0x00000000d5580000,0x00000000d5580000,0x00000000e4080000)
  from space 14848K, 53% used [0x00000000e4e80000,0x00000000e5652e40,0x00000000e5d00000)
  to   space 14336K, 0% used [0x00000000e4080000,0x00000000e4080000,0x00000000e4e80000)
 ParOldGen       total 55296K, used 14692K [0x0000000080000000, 0x0000000083600000, 0x00000000d5580000)
  object space 55296K, 26% used [0x0000000080000000,0x0000000080e59148,0x0000000083600000)
 Metaspace       used 34279K, capacity 35444K, committed 35496K, reserved 1079296K
  class space    used 4721K, capacity 5033K, committed 5040K, reserved 1048576K
Event: 23.454 GC heap after
Heap after GC invocations=10 (full 2):
 PSYoungGen      total 255488K, used 0K [0x00000000d5580000, 0x00000000e5f00000, 0x0000000100000000)
  eden space 240640K, 0% used [0x00000000d5580000,0x00000000d5580000,0x00000000e4080000)
  from space 14848K, 0% used [0x00000000e4e80000,0x00000000e4e80000,0x00000000e5d00000)
  to   space 14336K, 0% used [0x00000000e4080000,0x00000000e4080000,0x00000000e4e80000)
 ParOldGen       total 73728K, used 14416K [0x0000000080000000, 0x0000000084800000, 0x00000000d5580000)
  object space 73728K, 19% used [0x0000000080000000,0x0000000080e14138,0x0000000084800000)
 Metaspace       used 34279K, capacity 35444K, committed 35496K, reserved 1079296K
  class space    used 4721K, capacity 5033K, committed 5040K, reserved 1048576K
}
Event: 29.470 GC heap before
{Heap before GC invocations=11 (full 2):
 PSYoungGen      total 255488K, used 240640K [0x00000000d5580000, 0x00000000e5f00000, 0x0000000100000000)
  eden space 240640K, 100% used [0x00000000d5580000,0x00000000e4080000,0x00000000e4080000)
  from space 14848K, 0% used [0x00000000e4e80000,0x00000000e4e80000,0x00000000e5d00000)
  to   space 14336K, 0% used [0x00000000e4080000,0x00000000e4080000,0x00000000e4e80000)
 ParOldGen       total 73728K, used 14416K [0x0000000080000000, 0x0000000084800000, 0x00000000d5580000)
  object space 73728K, 19% used [0x0000000080000000,0x0000000080e14138,0x0000000084800000)
 Metaspace       used 46855K, capacity 48686K, committed 48808K, reserved 1091584K
  class space    used 6336K, capacity 6745K, committed 6832K, reserved 1048576K
Event: 29.562 GC heap after
Heap after GC invocations=11 (full 2):
 PSYoungGen      total 254976K, used 14317K [0x00000000d5580000, 0x00000000eb500000, 0x0000000100000000)
  eden space 240640K, 0% used [0x00000000d5580000,0x00000000d5580000,0x00000000e4080000)
  from space 14336K, 99% used [0x00000000e4080000,0x00000000e4e7b7a0,0x00000000e4e80000)
  to   space 18944K, 0% used [0x00000000ea280000,0x00000000ea280000,0x00000000eb500000)
 ParOldGen       total 73728K, used 20413K [0x0000000080000000, 0x0000000084800000, 0x00000000d5580000)
  object space 73728K, 27% used [0x0000000080000000,0x00000000813ef558,0x0000000084800000)
 Metaspace       used 46855K, capacity 48686K, committed 48808K, reserved 1091584K
  class space    used 6336K, capacity 6745K, committed 6832K, reserved 1048576K
}
Event: 33.891 GC heap before
{Heap before GC invocations=12 (full 2):
 PSYoungGen      total 254976K, used 175376K [0x00000000d5580000, 0x00000000eb500000, 0x0000000100000000)
  eden space 240640K, 66% used [0x00000000d5580000,0x00000000df2c8980,0x00000000e4080000)
  from space 14336K, 99% used [0x00000000e4080000,0x00000000e4e7b7a0,0x00000000e4e80000)
  to   space 18944K, 0% used [0x00000000ea280000,0x00000000ea280000,0x00000000eb500000)
 ParOldGen       total 73728K, used 20413K [0x0000000080000000, 0x0000000084800000, 0x00000000d5580000)
  object space 73728K, 27% used [0x0000000080000000,0x00000000813ef558,0x0000000084800000)
 Metaspace       used 56714K, capacity 59058K, committed 59160K, reserved 1099776K
  class space    used 7760K, capacity 8295K, committed 8368K, reserved 1048576K
Event: 33.956 GC heap after
Heap after GC invocations=12 (full 2):
 PSYoungGen      total 334848K, used 18940K [0x00000000d5580000, 0x00000000ebc00000, 0x0000000100000000)
  eden space 315904K, 0% used [0x00000000d5580000,0x00000000d5580000,0x00000000e8a00000)
  from space 18944K, 99% used [0x00000000ea280000,0x00000000eb4ff350,0x00000000eb500000)
  to   space 25088K, 0% used [0x00000000e8a00000,0x00000000e8a00000,0x00000000ea280000)
 ParOldGen       total 73728K, used 30027K [0x0000000080000000, 0x0000000084800000, 0x00000000d5580000)
  object space 73728K, 40% used [0x0000000080000000,0x0000000081d52f78,0x0000000084800000)
 Metaspace       used 56714K, capacity 59058K, committed 59160K, reserved 1099776K
  class space    used 7760K, capacity 8295K, committed 8368K, reserved 1048576K
}
Event: 33.956 GC heap before
{Heap before GC invocations=13 (full 3):
 PSYoungGen      total 334848K, used 18940K [0x00000000d5580000, 0x00000000ebc00000, 0x0000000100000000)
  eden space 315904K, 0% used [0x00000000d5580000,0x00000000d5580000,0x00000000e8a00000)
  from space 18944K, 99% used [0x00000000ea280000,0x00000000eb4ff350,0x00000000eb500000)
  to   space 25088K, 0% used [0x00000000e8a00000,0x00000000e8a00000,0x00000000ea280000)
 ParOldGen       total 73728K, used 30027K [0x0000000080000000, 0x0000000084800000, 0x00000000d5580000)
  object space 73728K, 40% used [0x0000000080000000,0x0000000081d52f78,0x0000000084800000)
 Metaspace       used 56714K, capacity 59058K, committed 59160K, reserved 1099776K
  class space    used 7760K, capacity 8295K, committed 8368K, reserved 1048576K
Event: 34.436 GC heap after
Heap after GC invocations=13 (full 3):
 PSYoungGen      total 334848K, used 0K [0x00000000d5580000, 0x00000000ebc00000, 0x0000000100000000)
  eden space 315904K, 0% used [0x00000000d5580000,0x00000000d5580000,0x00000000e8a00000)
  from space 18944K, 0% used [0x00000000ea280000,0x00000000ea280000,0x00000000eb500000)
  to   space 25088K, 0% used [0x00000000e8a00000,0x00000000e8a00000,0x00000000ea280000)
 ParOldGen       total 120832K, used 40447K [0x0000000080000000, 0x0000000087600000, 0x00000000d5580000)
  object space 120832K, 33% used [0x0000000080000000,0x000000008277fdc8,0x0000000087600000)
 Metaspace       used 56706K, capacity 59028K, committed 59160K, reserved 1099776K
  class space    used 7757K, capacity 8290K, committed 8368K, reserved 1048576K
}
Event: 56.203 GC heap before
{Heap before GC invocations=14 (full 3):
 PSYoungGen      total 334848K, used 315904K [0x00000000d5580000, 0x00000000ebc00000, 0x0000000100000000)
  eden space 315904K, 100% used [0x00000000d5580000,0x00000000e8a00000,0x00000000e8a00000)
  from space 18944K, 0% used [0x00000000ea280000,0x00000000ea280000,0x00000000eb500000)
  to   space 25088K, 0% used [0x00000000e8a00000,0x00000000e8a00000,0x00000000ea280000)
 ParOldGen       total 120832K, used 40447K [0x0000000080000000, 0x0000000087600000, 0x00000000d5580000)
  object space 120832K, 33% used [0x0000000080000000,0x000000008277fdc8,0x0000000087600000)
 Metaspace       used 69286K, capacity 72466K, committed 72616K, reserved 1112064K
  class space    used 9464K, capacity 10125K, committed 10160K, reserved 1048576K
Event: 56.386 GC heap after
Heap after GC invocations=14 (full 3):
 PSYoungGen      total 340992K, used 25061K [0x00000000d5580000, 0x00000000f1700000, 0x0000000100000000)
  eden space 315904K, 0% used [0x00000000d5580000,0x00000000d5580000,0x00000000e8a00000)
  from space 25088K, 99% used [0x00000000e8a00000,0x00000000ea279440,0x00000000ea280000)
  to   space 31744K, 0% used [0x00000000ef800000,0x00000000ef800000,0x00000000f1700000)
 ParOldGen       total 120832K, used 48494K [0x0000000080000000, 0x0000000087600000, 0x00000000d5580000)
  object space 120832K, 40% used [0x0000000080000000,0x0000000082f5b9d8,0x0000000087600000)
 Metaspace       used 69286K, capacity 72466K, committed 72616K, reserved 1112064K
  class space    used 9464K, capacity 10125K, committed 10160K, reserved 1048576K
}

