# JRE version: OpenJDK Runtime Environment (8.0_242-b01) (build 1.8.0_242-release-1644-b01)
# Java VM: OpenJDK 64-Bit Server VM (25.242-b01 mixed mode windows-amd64 compressed oops)
Heap:
 PSYoungGen      total 404992K, used 280063K [0x00000000d5580000, 0x00000000f0d00000, 0x0000000100000000)
  eden space 375296K, 68% used [0x00000000d5580000,0x00000000e4fbe6e8,0x00000000ec400000)
  from space 29696K, 80% used [0x00000000ef000000,0x00000000f0741598,0x00000000f0d00000)
  to   space 37376K, 0% used [0x00000000ec400000,0x00000000ec400000,0x00000000ee880000)
 ParOldGen       total 123904K, used 81576K [0x0000000080000000, 0x0000000087900000, 0x00000000d5580000)
  object space 123904K, 65% used [0x0000000080000000,0x0000000084faa390,0x0000000087900000)
 Metaspace       used 83352K, capacity 86874K, committed 87080K, reserved 1124352K
  class space    used 11051K, capacity 11770K, committed 11824K, reserved 1048576K
GC Heap History (10 events):
Event: 30.133 GC heap before
{Heap before GC invocations=11 (full 2):
 PSYoungGen      total 249344K, used 235008K [0x00000000d5580000, 0x00000000e5700000, 0x0000000100000000)
  eden space 235008K, 100% used [0x00000000d5580000,0x00000000e3b00000,0x00000000e3b00000)
  from space 14336K, 0% used [0x00000000e4900000,0x00000000e4900000,0x00000000e5700000)
  to   space 14336K, 0% used [0x00000000e3b00000,0x00000000e3b00000,0x00000000e4900000)
 ParOldGen       total 75776K, used 14397K [0x0000000080000000, 0x0000000084a00000, 0x00000000d5580000)
  object space 75776K, 19% used [0x0000000080000000,0x0000000080e0f698,0x0000000084a00000)
 Metaspace       used 46476K, capacity 48398K, committed 48808K, reserved 1091584K
  class space    used 6281K, capacity 6713K, committed 6832K, reserved 1048576K
Event: 30.236 GC heap after
Heap after GC invocations=11 (full 2):
 PSYoungGen      total 249344K, used 14330K [0x00000000d5580000, 0x00000000ea800000, 0x0000000100000000)
  eden space 235008K, 0% used [0x00000000d5580000,0x00000000d5580000,0x00000000e3b00000)
  from space 14336K, 99% used [0x00000000e3b00000,0x00000000e48fea08,0x00000000e4900000)
  to   space 18432K, 0% used [0x00000000e9600000,0x00000000e9600000,0x00000000ea800000)
 ParOldGen       total 75776K, used 19921K [0x0000000080000000, 0x0000000084a00000, 0x00000000d5580000)
  object space 75776K, 26% used [0x0000000080000000,0x0000000081374510,0x0000000084a00000)
 Metaspace       used 46476K, capacity 48398K, committed 48808K, reserved 1091584K
  class space    used 6281K, capacity 6713K, committed 6832K, reserved 1048576K
}
Event: 37.767 GC heap before
{Heap before GC invocations=12 (full 2):
 PSYoungGen      total 249344K, used 176679K [0x00000000d5580000, 0x00000000ea800000, 0x0000000100000000)
  eden space 235008K, 69% used [0x00000000d5580000,0x00000000df40b390,0x00000000e3b00000)
  from space 14336K, 99% used [0x00000000e3b00000,0x00000000e48fea08,0x00000000e4900000)
  to   space 18432K, 0% used [0x00000000e9600000,0x00000000e9600000,0x00000000ea800000)
 ParOldGen       total 75776K, used 19921K [0x0000000080000000, 0x0000000084a00000, 0x00000000d5580000)
  object space 75776K, 26% used [0x0000000080000000,0x0000000081374510,0x0000000084a00000)
 Metaspace       used 56734K, capacity 59070K, committed 59160K, reserved 1099776K
  class space    used 7758K, capacity 8297K, committed 8368K, reserved 1048576K
Event: 37.855 GC heap after
Heap after GC invocations=12 (full 2):
 PSYoungGen      total 321536K, used 18428K [0x00000000d5580000, 0x00000000eaf80000, 0x0000000100000000)
  eden space 303104K, 0% used [0x00000000d5580000,0x00000000d5580000,0x00000000e7d80000)
  from space 18432K, 99% used [0x00000000e9600000,0x00000000ea7ff340,0x00000000ea800000)
  to   space 25088K, 0% used [0x00000000e7d80000,0x00000000e7d80000,0x00000000e9600000)
 ParOldGen       total 75776K, used 30213K [0x0000000080000000, 0x0000000084a00000, 0x00000000d5580000)
  object space 75776K, 39% used [0x0000000080000000,0x0000000081d814a8,0x0000000084a00000)
 Metaspace       used 56734K, capacity 59070K, committed 59160K, reserved 1099776K
  class space    used 7758K, capacity 8297K, committed 8368K, reserved 1048576K
}
Event: 37.855 GC heap before
{Heap before GC invocations=13 (full 3):
 PSYoungGen      total 321536K, used 18428K [0x00000000d5580000, 0x00000000eaf80000, 0x0000000100000000)
  eden space 303104K, 0% used [0x00000000d5580000,0x00000000d5580000,0x00000000e7d80000)
  from space 18432K, 99% used [0x00000000e9600000,0x00000000ea7ff340,0x00000000ea800000)
  to   space 25088K, 0% used [0x00000000e7d80000,0x00000000e7d80000,0x00000000e9600000)
 ParOldGen       total 75776K, used 30213K [0x0000000080000000, 0x0000000084a00000, 0x00000000d5580000)
  object space 75776K, 39% used [0x0000000080000000,0x0000000081d814a8,0x0000000084a00000)
 Metaspace       used 56734K, capacity 59070K, committed 59160K, reserved 1099776K
  class space    used 7758K, capacity 8297K, committed 8368K, reserved 1048576K
Event: 38.326 GC heap after
Heap after GC invocations=13 (full 3):
 PSYoungGen      total 321536K, used 0K [0x00000000d5580000, 0x00000000eaf80000, 0x0000000100000000)
  eden space 303104K, 0% used [0x00000000d5580000,0x00000000d5580000,0x00000000e7d80000)
  from space 18432K, 0% used [0x00000000e9600000,0x00000000e9600000,0x00000000ea800000)
  to   space 25088K, 0% used [0x00000000e7d80000,0x00000000e7d80000,0x00000000e9600000)
 ParOldGen       total 123904K, used 40612K [0x0000000080000000, 0x0000000087900000, 0x00000000d5580000)
  object space 123904K, 32% used [0x0000000080000000,0x00000000827a9160,0x0000000087900000)
 Metaspace       used 56722K, capacity 59028K, committed 59160K, reserved 1099776K
  class space    used 7754K, capacity 8290K, committed 8368K, reserved 1048576K
}
Event: 60.717 GC heap before
{Heap before GC invocations=14 (full 3):
 PSYoungGen      total 321536K, used 303104K [0x00000000d5580000, 0x00000000eaf80000, 0x0000000100000000)
  eden space 303104K, 100% used [0x00000000d5580000,0x00000000e7d80000,0x00000000e7d80000)
  from space 18432K, 0% used [0x00000000e9600000,0x00000000e9600000,0x00000000ea800000)
  to   space 25088K, 0% used [0x00000000e7d80000,0x00000000e7d80000,0x00000000e9600000)
 ParOldGen       total 123904K, used 40612K [0x0000000080000000, 0x0000000087900000, 0x00000000d5580000)
  object space 123904K, 32% used [0x0000000080000000,0x00000000827a9160,0x0000000087900000)
 Metaspace       used 69024K, capacity 72132K, committed 72360K, reserved 1112064K
  class space    used 9427K, capacity 10084K, committed 10160K, reserved 1048576K
Event: 60.978 GC heap after
Heap after GC invocations=14 (full 3):
 PSYoungGen      total 328192K, used 25068K [0x00000000d5580000, 0x00000000f1300000, 0x0000000100000000)
  eden space 303104K, 0% used [0x00000000d5580000,0x00000000d5580000,0x00000000e7d80000)
  from space 25088K, 99% used [0x00000000e7d80000,0x00000000e95fb1a0,0x00000000e9600000)
  to   space 35840K, 0% used [0x00000000ef000000,0x00000000ef000000,0x00000000f1300000)
 ParOldGen       total 123904K, used 59420K [0x0000000080000000, 0x0000000087900000, 0x00000000d5580000)
  object space 123904K, 47% used [0x0000000080000000,0x0000000083a07190,0x0000000087900000)
 Metaspace       used 69024K, capacity 72132K, committed 72360K, reserved 1112064K
  class space    used 9427K, capacity 10084K, committed 10160K, reserved 1048576K
}
Event: 93.684 GC heap before
{Heap before GC invocations=15 (full 3):
 PSYoungGen      total 328192K, used 328172K [0x00000000d5580000, 0x00000000f1300000, 0x0000000100000000)
  eden space 303104K, 100% used [0x00000000d5580000,0x00000000e7d80000,0x00000000e7d80000)
  from space 25088K, 99% used [0x00000000e7d80000,0x00000000e95fb1a0,0x00000000e9600000)
  to   space 35840K, 0% used [0x00000000ef000000,0x00000000ef000000,0x00000000f1300000)
 ParOldGen       total 123904K, used 59420K [0x0000000080000000, 0x0000000087900000, 0x00000000d5580000)
  object space 123904K, 47% used [0x0000000080000000,0x0000000083a07190,0x0000000087900000)
 Metaspace       used 74651K, capacity 78076K, committed 78248K, reserved 1116160K
  class space    used 10088K, capacity 10804K, committed 10928K, reserved 1048576K
Event: 93.872 GC heap after
Heap after GC invocations=15 (full 3):
 PSYoungGen      total 404992K, used 23813K [0x00000000d5580000, 0x00000000f0d00000, 0x0000000100000000)
  eden space 375296K, 0% used [0x00000000d5580000,0x00000000d5580000,0x00000000ec400000)
  from space 29696K, 80% used [0x00000000ef000000,0x00000000f0741598,0x00000000f0d00000)
  to   space 37376K, 0% used [0x00000000ec400000,0x00000000ec400000,0x00000000ee880000)
 ParOldGen       total 123904K, used 81576K [0x0000000080000000, 0x0000000087900000, 0x00000000d5580000)
  object space 123904K, 65% used [0x0000000080000000,0x0000000084faa390,0x0000000087900000)
 Metaspace       used 74651K, capacity 78076K, committed 78248K, reserved 1116160K
  class space    used 10088K, capacity 10804K, committed 10928K, reserved 1048576K
}

