# JRE version: OpenJDK Runtime Environment (8.0_242-b01) (build 1.8.0_242-release-1644-b01)
# Java VM: OpenJDK 64-Bit Server VM (25.242-b01 mixed mode windows-amd64 compressed oops)
Heap:
 PSYoungGen      total 655872K, used 437260K [0x00000000d5580000, 0x0000000100000000, 0x0000000100000000)
  eden space 612864K, 68% used [0x00000000d5580000,0x00000000eeca7080,0x00000000fac00000)
  from space 43008K, 47% used [0x00000000fac00000,0x00000000fbfdc258,0x00000000fd600000)
  to   space 41472K, 0% used [0x00000000fd780000,0x00000000fd780000,0x0000000100000000)
 ParOldGen       total 202752K, used 158664K [0x0000000080000000, 0x000000008c600000, 0x00000000d5580000)
  object space 202752K, 78% used [0x0000000080000000,0x0000000089af2388,0x000000008c600000)
 Metaspace       used 83806K, capacity 88178K, committed 88616K, reserved 1126400K
  class space    used 11304K, capacity 12165K, committed 12336K, reserved 1048576K
GC Heap History (10 events):
Event: 103.487 GC heap before
{Heap before GC invocations=25 (full 4):
 PSYoungGen      total 559616K, used 543757K [0x00000000d5580000, 0x00000000f9b00000, 0x0000000100000000)
  eden space 530944K, 100% used [0x00000000d5580000,0x00000000f5c00000,0x00000000f5c00000)
  from space 28672K, 44% used [0x00000000f7f00000,0x00000000f8b837c8,0x00000000f9b00000)
  to   space 32256K, 0% used [0x00000000f5c00000,0x00000000f5c00000,0x00000000f7b80000)
 ParOldGen       total 202752K, used 111074K [0x0000000080000000, 0x000000008c600000, 0x00000000d5580000)
  object space 202752K, 54% used [0x0000000080000000,0x0000000086c78930,0x000000008c600000)
 Metaspace       used 83638K, capacity 87952K, committed 88616K, reserved 1126400K
  class space    used 11303K, capacity 12164K, committed 12336K, reserved 1048576K
Event: 103.550 GC heap after
Heap after GC invocations=25 (full 4):
 PSYoungGen      total 563200K, used 19666K [0x00000000d5580000, 0x0000000100000000, 0x0000000100000000)
  eden space 530944K, 0% used [0x00000000d5580000,0x00000000d5580000,0x00000000f5c00000)
  from space 32256K, 60% used [0x00000000f5c00000,0x00000000f6f34a80,0x00000000f7b80000)
  to   space 32256K, 0% used [0x00000000fe080000,0x00000000fe080000,0x0000000100000000)
 ParOldGen       total 202752K, used 115641K [0x0000000080000000, 0x000000008c600000, 0x00000000d5580000)
  object space 202752K, 57% used [0x0000000080000000,0x00000000870ee540,0x000000008c600000)
 Metaspace       used 83638K, capacity 87952K, committed 88616K, reserved 1126400K
  class space    used 11303K, capacity 12164K, committed 12336K, reserved 1048576K
}
Event: 106.001 GC heap before
{Heap before GC invocations=26 (full 4):
 PSYoungGen      total 563200K, used 550610K [0x00000000d5580000, 0x0000000100000000, 0x0000000100000000)
  eden space 530944K, 100% used [0x00000000d5580000,0x00000000f5c00000,0x00000000f5c00000)
  from space 32256K, 60% used [0x00000000f5c00000,0x00000000f6f34a80,0x00000000f7b80000)
  to   space 32256K, 0% used [0x00000000fe080000,0x00000000fe080000,0x0000000100000000)
 ParOldGen       total 202752K, used 115641K [0x0000000080000000, 0x000000008c600000, 0x00000000d5580000)
  object space 202752K, 57% used [0x0000000080000000,0x00000000870ee540,0x000000008c600000)
 Metaspace       used 83674K, capacity 88032K, committed 88616K, reserved 1126400K
  class space    used 11303K, capacity 12164K, committed 12336K, reserved 1048576K
Event: 106.102 GC heap after
Heap after GC invocations=26 (full 4):
 PSYoungGen      total 658432K, used 29425K [0x00000000d5580000, 0x0000000100000000, 0x0000000100000000)
  eden space 626176K, 0% used [0x00000000d5580000,0x00000000d5580000,0x00000000fb900000)
  from space 32256K, 91% used [0x00000000fe080000,0x00000000ffd3c560,0x0000000100000000)
  to   space 36352K, 0% used [0x00000000fb900000,0x00000000fb900000,0x00000000fdc80000)
 ParOldGen       total 202752K, used 121367K [0x0000000080000000, 0x000000008c600000, 0x00000000d5580000)
  object space 202752K, 59% used [0x0000000080000000,0x0000000087685ec0,0x000000008c600000)
 Metaspace       used 83674K, capacity 88032K, committed 88616K, reserved 1126400K
  class space    used 11303K, capacity 12164K, committed 12336K, reserved 1048576K
}
Event: 108.303 GC heap before
{Heap before GC invocations=27 (full 4):
 PSYoungGen      total 658432K, used 655601K [0x00000000d5580000, 0x0000000100000000, 0x0000000100000000)
  eden space 626176K, 100% used [0x00000000d5580000,0x00000000fb900000,0x00000000fb900000)
  from space 32256K, 91% used [0x00000000fe080000,0x00000000ffd3c560,0x0000000100000000)
  to   space 36352K, 0% used [0x00000000fb900000,0x00000000fb900000,0x00000000fdc80000)
 ParOldGen       total 202752K, used 121367K [0x0000000080000000, 0x000000008c600000, 0x00000000d5580000)
  object space 202752K, 59% used [0x0000000080000000,0x0000000087685ec0,0x000000008c600000)
 Metaspace       used 83698K, capacity 88032K, committed 88616K, reserved 1126400K
  class space    used 11303K, capacity 12164K, committed 12336K, reserved 1048576K
Event: 108.409 GC heap after
Heap after GC invocations=27 (full 4):
 PSYoungGen      total 662528K, used 36344K [0x00000000d5580000, 0x0000000100000000, 0x0000000100000000)
  eden space 626176K, 0% used [0x00000000d5580000,0x00000000d5580000,0x00000000fb900000)
  from space 36352K, 99% used [0x00000000fb900000,0x00000000fdc7e1f8,0x00000000fdc80000)
  to   space 36352K, 0% used [0x00000000fdc80000,0x00000000fdc80000,0x0000000100000000)
 ParOldGen       total 202752K, used 129204K [0x0000000080000000, 0x000000008c600000, 0x00000000d5580000)
  object space 202752K, 63% used [0x0000000080000000,0x0000000087e2d260,0x000000008c600000)
 Metaspace       used 83698K, capacity 88032K, committed 88616K, reserved 1126400K
  class space    used 11303K, capacity 12164K, committed 12336K, reserved 1048576K
}
Event: 110.599 GC heap before
{Heap before GC invocations=28 (full 4):
 PSYoungGen      total 662528K, used 662520K [0x00000000d5580000, 0x0000000100000000, 0x0000000100000000)
  eden space 626176K, 100% used [0x00000000d5580000,0x00000000fb900000,0x00000000fb900000)
  from space 36352K, 99% used [0x00000000fb900000,0x00000000fdc7e1f8,0x00000000fdc80000)
  to   space 36352K, 0% used [0x00000000fdc80000,0x00000000fdc80000,0x0000000100000000)
 ParOldGen       total 202752K, used 129204K [0x0000000080000000, 0x000000008c600000, 0x00000000d5580000)
  object space 202752K, 63% used [0x0000000080000000,0x0000000087e2d260,0x000000008c600000)
 Metaspace       used 83735K, capacity 88042K, committed 88616K, reserved 1126400K
  class space    used 11304K, capacity 12165K, committed 12336K, reserved 1048576K
Event: 110.653 GC heap after
Heap after GC invocations=28 (full 4):
 PSYoungGen      total 649216K, used 13186K [0x00000000d5580000, 0x0000000100000000, 0x0000000100000000)
  eden space 612864K, 0% used [0x00000000d5580000,0x00000000d5580000,0x00000000fac00000)
  from space 36352K, 36% used [0x00000000fdc80000,0x00000000fe960938,0x0000000100000000)
  to   space 43008K, 0% used [0x00000000fac00000,0x00000000fac00000,0x00000000fd600000)
 ParOldGen       total 202752K, used 149323K [0x0000000080000000, 0x000000008c600000, 0x00000000d5580000)
  object space 202752K, 73% used [0x0000000080000000,0x00000000891d2e38,0x000000008c600000)
 Metaspace       used 83735K, capacity 88042K, committed 88616K, reserved 1126400K
  class space    used 11304K, capacity 12165K, committed 12336K, reserved 1048576K
}
Event: 113.665 GC heap before
{Heap before GC invocations=29 (full 4):
 PSYoungGen      total 649216K, used 626050K [0x00000000d5580000, 0x0000000100000000, 0x0000000100000000)
  eden space 612864K, 100% used [0x00000000d5580000,0x00000000fac00000,0x00000000fac00000)
  from space 36352K, 36% used [0x00000000fdc80000,0x00000000fe960938,0x0000000100000000)
  to   space 43008K, 0% used [0x00000000fac00000,0x00000000fac00000,0x00000000fd600000)
 ParOldGen       total 202752K, used 149323K [0x0000000080000000, 0x000000008c600000, 0x00000000d5580000)
  object space 202752K, 73% used [0x0000000080000000,0x00000000891d2e38,0x000000008c600000)
 Metaspace       used 83769K, capacity 88114K, committed 88616K, reserved 1126400K
  class space    used 11304K, capacity 12165K, committed 12336K, reserved 1048576K
Event: 113.733 GC heap after
Heap after GC invocations=29 (full 4):
 PSYoungGen      total 655872K, used 20336K [0x00000000d5580000, 0x0000000100000000, 0x0000000100000000)
  eden space 612864K, 0% used [0x00000000d5580000,0x00000000d5580000,0x00000000fac00000)
  from space 43008K, 47% used [0x00000000fac00000,0x00000000fbfdc258,0x00000000fd600000)
  to   space 41472K, 0% used [0x00000000fd780000,0x00000000fd780000,0x0000000100000000)
 ParOldGen       total 202752K, used 158664K [0x0000000080000000, 0x000000008c600000, 0x00000000d5580000)
  object space 202752K, 78% used [0x0000000080000000,0x0000000089af2388,0x000000008c600000)
 Metaspace       used 83769K, capacity 88114K, committed 88616K, reserved 1126400K
  class space    used 11304K, capacity 12165K, committed 12336K, reserved 1048576K
}

