# JRE version: OpenJDK Runtime Environment (8.0_242-b01) (build 1.8.0_242-release-1644-b01)
# Java VM: OpenJDK 64-Bit Server VM (25.242-b01 mixed mode windows-amd64 compressed oops)
Heap:
 PSYoungGen      total 339968K, used 261540K [0x00000000d5580000, 0x00000000ed400000, 0x0000000100000000)
  eden space 296960K, 88% used [0x00000000d5580000,0x00000000e54e92d0,0x00000000e7780000)
  from space 43008K, 0% used [0x00000000e7780000,0x00000000e7780000,0x00000000ea180000)
  to   space 31232K, 0% used [0x00000000ea180000,0x00000000ea180000,0x00000000ec000000)
 ParOldGen       total 120832K, used 93631K [0x0000000080000000, 0x0000000087600000, 0x00000000d5580000)
  object space 120832K, 77% used [0x0000000080000000,0x0000000085b6fe78,0x0000000087600000)
 Metaspace       used 83838K, capacity 88156K, committed 88872K, reserved 1126400K
  class space    used 11314K, capacity 12156K, committed 12336K, reserved 1048576K
GC Heap History (10 events):
Event: 65.201 GC heap before
{Heap before GC invocations=25 (full 6):
 PSYoungGen      total 339968K, used 296960K [0x00000000d5580000, 0x00000000ed400000, 0x0000000100000000)
  eden space 296960K, 100% used [0x00000000d5580000,0x00000000e7780000,0x00000000e7780000)
  from space 43008K, 0% used [0x00000000e7780000,0x00000000e7780000,0x00000000ea180000)
  to   space 31232K, 0% used [0x00000000ea180000,0x00000000ea180000,0x00000000ec000000)
 ParOldGen       total 120832K, used 112202K [0x0000000080000000, 0x0000000087600000, 0x00000000d5580000)
  object space 120832K, 92% used [0x0000000080000000,0x0000000086d92bf8,0x0000000087600000)
 Metaspace       used 83618K, capacity 87976K, committed 88616K, reserved 1126400K
  class space    used 11312K, capacity 12152K, committed 12336K, reserved 1048576K
Event: 65.558 GC heap after
Heap after GC invocations=25 (full 6):
 PSYoungGen      total 339968K, used 0K [0x00000000d5580000, 0x00000000ed400000, 0x0000000100000000)
  eden space 296960K, 0% used [0x00000000d5580000,0x00000000d5580000,0x00000000e7780000)
  from space 43008K, 0% used [0x00000000e7780000,0x00000000e7780000,0x00000000ea180000)
  to   space 31232K, 0% used [0x00000000ea180000,0x00000000ea180000,0x00000000ec000000)
 ParOldGen       total 120832K, used 107329K [0x0000000080000000, 0x0000000087600000, 0x00000000d5580000)
  object space 120832K, 88% used [0x0000000080000000,0x00000000868d0428,0x0000000087600000)
 Metaspace       used 83618K, capacity 87976K, committed 88616K, reserved 1126400K
  class space    used 11312K, capacity 12152K, committed 12336K, reserved 1048576K
}
Event: 67.262 GC heap before
{Heap before GC invocations=26 (full 7):
 PSYoungGen      total 339968K, used 296960K [0x00000000d5580000, 0x00000000ed400000, 0x0000000100000000)
  eden space 296960K, 100% used [0x00000000d5580000,0x00000000e7780000,0x00000000e7780000)
  from space 43008K, 0% used [0x00000000e7780000,0x00000000e7780000,0x00000000ea180000)
  to   space 31232K, 0% used [0x00000000ea180000,0x00000000ea180000,0x00000000ec000000)
 ParOldGen       total 120832K, used 107329K [0x0000000080000000, 0x0000000087600000, 0x00000000d5580000)
  object space 120832K, 88% used [0x0000000080000000,0x00000000868d0428,0x0000000087600000)
 Metaspace       used 83752K, capacity 88058K, committed 88872K, reserved 1126400K
  class space    used 11313K, capacity 12153K, committed 12336K, reserved 1048576K
Event: 67.750 GC heap after
Heap after GC invocations=26 (full 7):
 PSYoungGen      total 339968K, used 0K [0x00000000d5580000, 0x00000000ed400000, 0x0000000100000000)
  eden space 296960K, 0% used [0x00000000d5580000,0x00000000d5580000,0x00000000e7780000)
  from space 43008K, 0% used [0x00000000e7780000,0x00000000e7780000,0x00000000ea180000)
  to   space 31232K, 0% used [0x00000000ea180000,0x00000000ea180000,0x00000000ec000000)
 ParOldGen       total 120832K, used 105984K [0x0000000080000000, 0x0000000087600000, 0x00000000d5580000)
  object space 120832K, 87% used [0x0000000080000000,0x00000000867801b0,0x0000000087600000)
 Metaspace       used 83752K, capacity 88058K, committed 88872K, reserved 1126400K
  class space    used 11313K, capacity 12153K, committed 12336K, reserved 1048576K
}
Event: 68.864 GC heap before
{Heap before GC invocations=27 (full 8):
 PSYoungGen      total 339968K, used 296960K [0x00000000d5580000, 0x00000000ed400000, 0x0000000100000000)
  eden space 296960K, 100% used [0x00000000d5580000,0x00000000e7780000,0x00000000e7780000)
  from space 43008K, 0% used [0x00000000e7780000,0x00000000e7780000,0x00000000ea180000)
  to   space 31232K, 0% used [0x00000000ea180000,0x00000000ea180000,0x00000000ec000000)
 ParOldGen       total 120832K, used 105984K [0x0000000080000000, 0x0000000087600000, 0x00000000d5580000)
  object space 120832K, 87% used [0x0000000080000000,0x00000000867801b0,0x0000000087600000)
 Metaspace       used 83755K, capacity 88058K, committed 88872K, reserved 1126400K
  class space    used 11313K, capacity 12153K, committed 12336K, reserved 1048576K
Event: 69.451 GC heap after
Heap after GC invocations=27 (full 8):
 PSYoungGen      total 339968K, used 0K [0x00000000d5580000, 0x00000000ed400000, 0x0000000100000000)
  eden space 296960K, 0% used [0x00000000d5580000,0x00000000d5580000,0x00000000e7780000)
  from space 43008K, 0% used [0x00000000e7780000,0x00000000e7780000,0x00000000ea180000)
  to   space 31232K, 0% used [0x00000000ea180000,0x00000000ea180000,0x00000000ec000000)
 ParOldGen       total 120832K, used 102220K [0x0000000080000000, 0x0000000087600000, 0x00000000d5580000)
  object space 120832K, 84% used [0x0000000080000000,0x00000000863d3118,0x0000000087600000)
 Metaspace       used 83755K, capacity 88058K, committed 88872K, reserved 1126400K
  class space    used 11313K, capacity 12153K, committed 12336K, reserved 1048576K
}
Event: 70.941 GC heap before
{Heap before GC invocations=28 (full 9):
 PSYoungGen      total 339968K, used 296960K [0x00000000d5580000, 0x00000000ed400000, 0x0000000100000000)
  eden space 296960K, 100% used [0x00000000d5580000,0x00000000e7780000,0x00000000e7780000)
  from space 43008K, 0% used [0x00000000e7780000,0x00000000e7780000,0x00000000ea180000)
  to   space 31232K, 0% used [0x00000000ea180000,0x00000000ea180000,0x00000000ec000000)
 ParOldGen       total 120832K, used 102220K [0x0000000080000000, 0x0000000087600000, 0x00000000d5580000)
  object space 120832K, 84% used [0x0000000080000000,0x00000000863d3118,0x0000000087600000)
 Metaspace       used 83759K, capacity 88058K, committed 88872K, reserved 1126400K
  class space    used 11313K, capacity 12153K, committed 12336K, reserved 1048576K
Event: 71.364 GC heap after
Heap after GC invocations=28 (full 9):
 PSYoungGen      total 339968K, used 0K [0x00000000d5580000, 0x00000000ed400000, 0x0000000100000000)
  eden space 296960K, 0% used [0x00000000d5580000,0x00000000d5580000,0x00000000e7780000)
  from space 43008K, 0% used [0x00000000e7780000,0x00000000e7780000,0x00000000ea180000)
  to   space 31232K, 0% used [0x00000000ea180000,0x00000000ea180000,0x00000000ec000000)
 ParOldGen       total 120832K, used 104451K [0x0000000080000000, 0x0000000087600000, 0x00000000d5580000)
  object space 120832K, 86% used [0x0000000080000000,0x0000000086600f18,0x0000000087600000)
 Metaspace       used 83759K, capacity 88058K, committed 88872K, reserved 1126400K
  class space    used 11313K, capacity 12153K, committed 12336K, reserved 1048576K
}
Event: 74.093 GC heap before
{Heap before GC invocations=29 (full 10):
 PSYoungGen      total 339968K, used 296960K [0x00000000d5580000, 0x00000000ed400000, 0x0000000100000000)
  eden space 296960K, 100% used [0x00000000d5580000,0x00000000e7780000,0x00000000e7780000)
  from space 43008K, 0% used [0x00000000e7780000,0x00000000e7780000,0x00000000ea180000)
  to   space 31232K, 0% used [0x00000000ea180000,0x00000000ea180000,0x00000000ec000000)
 ParOldGen       total 120832K, used 104451K [0x0000000080000000, 0x0000000087600000, 0x00000000d5580000)
  object space 120832K, 86% used [0x0000000080000000,0x0000000086600f18,0x0000000087600000)
 Metaspace       used 83782K, capacity 88134K, committed 88872K, reserved 1126400K
  class space    used 11313K, capacity 12153K, committed 12336K, reserved 1048576K
Event: 74.401 GC heap after
Heap after GC invocations=29 (full 10):
 PSYoungGen      total 339968K, used 0K [0x00000000d5580000, 0x00000000ed400000, 0x0000000100000000)
  eden space 296960K, 0% used [0x00000000d5580000,0x00000000d5580000,0x00000000e7780000)
  from space 43008K, 0% used [0x00000000e7780000,0x00000000e7780000,0x00000000ea180000)
  to   space 31232K, 0% used [0x00000000ea180000,0x00000000ea180000,0x00000000ec000000)
 ParOldGen       total 120832K, used 93631K [0x0000000080000000, 0x0000000087600000, 0x00000000d5580000)
  object space 120832K, 77% used [0x0000000080000000,0x0000000085b6fe78,0x0000000087600000)
 Metaspace       used 83782K, capacity 88134K, committed 88872K, reserved 1126400K
  class space    used 11313K, capacity 12153K, committed 12336K, reserved 1048576K
}

