# JRE version: OpenJDK Runtime Environment (8.0_242-b01) (build 1.8.0_242-release-1644-b01)
# Java VM: OpenJDK 64-Bit Server VM (25.242-b01 mixed mode windows-amd64 compressed oops)
Heap:
 PSYoungGen      total 403456K, used 35289K [0x00000000d5580000, 0x00000000f2b00000, 0x0000000100000000)
  eden space 359936K, 9% used [0x00000000d5580000,0x00000000d77f6770,0x00000000eb500000)
  from space 43520K, 0% used [0x00000000ee080000,0x00000000ee080000,0x00000000f0b00000)
  to   space 44544K, 0% used [0x00000000eb500000,0x00000000eb500000,0x00000000ee080000)
 ParOldGen       total 114688K, used 89026K [0x0000000080000000, 0x0000000087000000, 0x00000000d5580000)
  object space 114688K, 77% used [0x0000000080000000,0x00000000856f08f8,0x0000000087000000)
 Metaspace       used 94111K, capacity 98394K, committed 99368K, reserved 1134592K
  class space    used 12443K, capacity 13336K, committed 13616K, reserved 1048576K
GC Heap History (10 events):
Event: 64.359 GC heap before
{Heap before GC invocations=18 (full 3):
 PSYoungGen      total 282624K, used 282609K [0x00000000d5580000, 0x00000000ea000000, 0x0000000100000000)
  eden space 259072K, 100% used [0x00000000d5580000,0x00000000e5280000,0x00000000e5280000)
  from space 23552K, 99% used [0x00000000e7500000,0x00000000e8bfc7f8,0x00000000e8c00000)
  to   space 35328K, 0% used [0x00000000e5280000,0x00000000e5280000,0x00000000e7500000)
 ParOldGen       total 114688K, used 58150K [0x0000000080000000, 0x0000000087000000, 0x00000000d5580000)
  object space 114688K, 50% used [0x0000000080000000,0x00000000838c9ab8,0x0000000087000000)
 Metaspace       used 77286K, capacity 80764K, committed 81064K, reserved 1120256K
  class space    used 10372K, capacity 11080K, committed 11184K, reserved 1048576K
Event: 64.473 GC heap after
Heap after GC invocations=18 (full 3):
 PSYoungGen      total 294400K, used 14376K [0x00000000d5580000, 0x00000000ece80000, 0x0000000100000000)
  eden space 259072K, 0% used [0x00000000d5580000,0x00000000d5580000,0x00000000e5280000)
  from space 35328K, 40% used [0x00000000e5280000,0x00000000e608a3d0,0x00000000e7500000)
  to   space 33792K, 0% used [0x00000000ead80000,0x00000000ead80000,0x00000000ece80000)
 ParOldGen       total 114688K, used 77132K [0x0000000080000000, 0x0000000087000000, 0x00000000d5580000)
  object space 114688K, 67% used [0x0000000080000000,0x0000000084b530c8,0x0000000087000000)
 Metaspace       used 77286K, capacity 80764K, committed 81064K, reserved 1120256K
  class space    used 10372K, capacity 11080K, committed 11184K, reserved 1048576K
}
Event: 76.503 GC heap before
{Heap before GC invocations=19 (full 3):
 PSYoungGen      total 294400K, used 273448K [0x00000000d5580000, 0x00000000ece80000, 0x0000000100000000)
  eden space 259072K, 100% used [0x00000000d5580000,0x00000000e5280000,0x00000000e5280000)
  from space 35328K, 40% used [0x00000000e5280000,0x00000000e608a3d0,0x00000000e7500000)
  to   space 33792K, 0% used [0x00000000ead80000,0x00000000ead80000,0x00000000ece80000)
 ParOldGen       total 114688K, used 77132K [0x0000000080000000, 0x0000000087000000, 0x00000000d5580000)
  object space 114688K, 67% used [0x0000000080000000,0x0000000084b530c8,0x0000000087000000)
 Metaspace       used 78789K, capacity 82534K, committed 82728K, reserved 1120256K
  class space    used 10532K, capacity 11311K, committed 11312K, reserved 1048576K
Event: 76.651 GC heap after
Heap after GC invocations=19 (full 3):
 PSYoungGen      total 347136K, used 21324K [0x00000000d5580000, 0x00000000ecc80000, 0x0000000100000000)
  eden space 315392K, 0% used [0x00000000d5580000,0x00000000d5580000,0x00000000e8980000)
  from space 31744K, 67% used [0x00000000ead80000,0x00000000ec253130,0x00000000ecc80000)
  to   space 34304K, 0% used [0x00000000e8980000,0x00000000e8980000,0x00000000eab00000)
 ParOldGen       total 114688K, used 77140K [0x0000000080000000, 0x0000000087000000, 0x00000000d5580000)
  object space 114688K, 67% used [0x0000000080000000,0x0000000084b550c8,0x0000000087000000)
 Metaspace       used 78789K, capacity 82534K, committed 82728K, reserved 1120256K
  class space    used 10532K, capacity 11311K, committed 11312K, reserved 1048576K
}
Event: 88.316 GC heap before
{Heap before GC invocations=20 (full 3):
 PSYoungGen      total 347136K, used 336716K [0x00000000d5580000, 0x00000000ecc80000, 0x0000000100000000)
  eden space 315392K, 100% used [0x00000000d5580000,0x00000000e8980000,0x00000000e8980000)
  from space 31744K, 67% used [0x00000000ead80000,0x00000000ec253130,0x00000000ecc80000)
  to   space 34304K, 0% used [0x00000000e8980000,0x00000000e8980000,0x00000000eab00000)
 ParOldGen       total 114688K, used 77140K [0x0000000080000000, 0x0000000087000000, 0x00000000d5580000)
  object space 114688K, 67% used [0x0000000080000000,0x0000000084b550c8,0x0000000087000000)
 Metaspace       used 89836K, capacity 94072K, committed 94120K, reserved 1130496K
  class space    used 11866K, capacity 12705K, committed 12720K, reserved 1048576K
Event: 88.507 GC heap after
Heap after GC invocations=20 (full 3):
 PSYoungGen      total 349696K, used 34281K [0x00000000d5580000, 0x00000000f0b00000, 0x0000000100000000)
  eden space 315392K, 0% used [0x00000000d5580000,0x00000000d5580000,0x00000000e8980000)
  from space 34304K, 99% used [0x00000000e8980000,0x00000000eaafa480,0x00000000eab00000)
  to   space 43520K, 0% used [0x00000000ee080000,0x00000000ee080000,0x00000000f0b00000)
 ParOldGen       total 114688K, used 87735K [0x0000000080000000, 0x0000000087000000, 0x00000000d5580000)
  object space 114688K, 76% used [0x0000000080000000,0x00000000855add28,0x0000000087000000)
 Metaspace       used 89836K, capacity 94072K, committed 94120K, reserved 1130496K
  class space    used 11866K, capacity 12705K, committed 12720K, reserved 1048576K
}
Event: 89.506 GC heap before
{Heap before GC invocations=21 (full 3):
 PSYoungGen      total 349696K, used 65631K [0x00000000d5580000, 0x00000000f0b00000, 0x0000000100000000)
  eden space 315392K, 9% used [0x00000000d5580000,0x00000000d741d9a0,0x00000000e8980000)
  from space 34304K, 99% used [0x00000000e8980000,0x00000000eaafa480,0x00000000eab00000)
  to   space 43520K, 0% used [0x00000000ee080000,0x00000000ee080000,0x00000000f0b00000)
 ParOldGen       total 114688K, used 87735K [0x0000000080000000, 0x0000000087000000, 0x00000000d5580000)
  object space 114688K, 76% used [0x0000000080000000,0x00000000855add28,0x0000000087000000)
 Metaspace       used 93721K, capacity 98468K, committed 98600K, reserved 1134592K
  class space    used 12531K, capacity 13511K, committed 13616K, reserved 1048576K
Event: 89.649 GC heap after
Heap after GC invocations=21 (full 3):
 PSYoungGen      total 403456K, used 26557K [0x00000000d5580000, 0x00000000f2b00000, 0x0000000100000000)
  eden space 359936K, 0% used [0x00000000d5580000,0x00000000d5580000,0x00000000eb500000)
  from space 43520K, 61% used [0x00000000ee080000,0x00000000efa6f5e8,0x00000000f0b00000)
  to   space 44544K, 0% used [0x00000000eb500000,0x00000000eb500000,0x00000000ee080000)
 ParOldGen       total 114688K, used 100941K [0x0000000080000000, 0x0000000087000000, 0x00000000d5580000)
  object space 114688K, 88% used [0x0000000080000000,0x0000000086293788,0x0000000087000000)
 Metaspace       used 93721K, capacity 98468K, committed 98600K, reserved 1134592K
  class space    used 12531K, capacity 13511K, committed 13616K, reserved 1048576K
}
Event: 89.649 GC heap before
{Heap before GC invocations=22 (full 4):
 PSYoungGen      total 403456K, used 26557K [0x00000000d5580000, 0x00000000f2b00000, 0x0000000100000000)
  eden space 359936K, 0% used [0x00000000d5580000,0x00000000d5580000,0x00000000eb500000)
  from space 43520K, 61% used [0x00000000ee080000,0x00000000efa6f5e8,0x00000000f0b00000)
  to   space 44544K, 0% used [0x00000000eb500000,0x00000000eb500000,0x00000000ee080000)
 ParOldGen       total 114688K, used 100941K [0x0000000080000000, 0x0000000087000000, 0x00000000d5580000)
  object space 114688K, 88% used [0x0000000080000000,0x0000000086293788,0x0000000087000000)
 Metaspace       used 93721K, capacity 98468K, committed 98600K, reserved 1134592K
  class space    used 12531K, capacity 13511K, committed 13616K, reserved 1048576K
Event: 90.177 GC heap after
Heap after GC invocations=22 (full 4):
 PSYoungGen      total 403456K, used 0K [0x00000000d5580000, 0x00000000f2b00000, 0x0000000100000000)
  eden space 359936K, 0% used [0x00000000d5580000,0x00000000d5580000,0x00000000eb500000)
  from space 43520K, 0% used [0x00000000ee080000,0x00000000ee080000,0x00000000f0b00000)
  to   space 44544K, 0% used [0x00000000eb500000,0x00000000eb500000,0x00000000ee080000)
 ParOldGen       total 114688K, used 89026K [0x0000000080000000, 0x0000000087000000, 0x00000000d5580000)
  object space 114688K, 77% used [0x0000000080000000,0x00000000856f08f8,0x0000000087000000)
 Metaspace       used 93318K, capacity 97484K, committed 98600K, reserved 1134592K
  class space    used 12387K, capacity 13257K, committed 13616K, reserved 1048576K
}

