# JRE version: OpenJDK Runtime Environment (8.0_242-b01) (build 1.8.0_242-release-1644-b01)
# Java VM: OpenJDK 64-Bit Server VM (25.242-b01 mixed mode windows-amd64 compressed oops)
Heap:
 PSYoungGen      total 582144K, used 461261K [0x00000000d5580000, 0x00000000fd080000, 0x0000000100000000)
  eden space 515072K, 85% used [0x00000000d5580000,0x00000000f03b4538,0x00000000f4c80000)
  from space 67072K, 30% used [0x00000000f8f00000,0x00000000fa33ef00,0x00000000fd080000)
  to   space 67584K, 0% used [0x00000000f4c80000,0x00000000f4c80000,0x00000000f8e80000)
 ParOldGen       total 263680K, used 89835K [0x0000000080000000, 0x0000000090180000, 0x00000000d5580000)
  object space 263680K, 34% used [0x0000000080000000,0x00000000857bac20,0x0000000090180000)
 Metaspace       used 109281K, capacity 117756K, committed 118568K, reserved 1153024K
  class space    used 13770K, capacity 15169K, committed 15408K, reserved 1048576K
GC Heap History (10 events):
Event: 7467.192 GC heap before
{Heap before GC invocations=47 (full 5):
 PSYoungGen      total 417280K, used 370215K [0x00000000d5580000, 0x00000000f6680000, 0x0000000100000000)
  eden space 335360K, 100% used [0x00000000d5580000,0x00000000e9d00000,0x00000000e9d00000)
  from space 81920K, 42% used [0x00000000e9d00000,0x00000000ebf09ca8,0x00000000eed00000)
  to   space 78848K, 0% used [0x00000000f1980000,0x00000000f1980000,0x00000000f6680000)
 ParOldGen       total 263680K, used 80703K [0x0000000080000000, 0x0000000090180000, 0x00000000d5580000)
  object space 263680K, 30% used [0x0000000080000000,0x0000000084ecfe40,0x0000000090180000)
 Metaspace       used 109177K, capacity 117676K, committed 118568K, reserved 1153024K
  class space    used 13768K, capacity 15167K, committed 15408K, reserved 1048576K
Event: 7467.258 GC heap after
Heap after GC invocations=47 (full 5):
 PSYoungGen      total 458752K, used 36001K [0x00000000d5580000, 0x00000000f6100000, 0x0000000100000000)
  eden space 385536K, 0% used [0x00000000d5580000,0x00000000d5580000,0x00000000ece00000)
  from space 73216K, 49% used [0x00000000f1980000,0x00000000f3ca8698,0x00000000f6100000)
  to   space 75264K, 0% used [0x00000000ece00000,0x00000000ece00000,0x00000000f1780000)
 ParOldGen       total 263680K, used 80711K [0x0000000080000000, 0x0000000090180000, 0x00000000d5580000)
  object space 263680K, 30% used [0x0000000080000000,0x0000000084ed1e40,0x0000000090180000)
 Metaspace       used 109177K, capacity 117676K, committed 118568K, reserved 1153024K
  class space    used 13768K, capacity 15167K, committed 15408K, reserved 1048576K
}
Event: 7468.510 GC heap before
{Heap before GC invocations=48 (full 5):
 PSYoungGen      total 458752K, used 421537K [0x00000000d5580000, 0x00000000f6100000, 0x0000000100000000)
  eden space 385536K, 100% used [0x00000000d5580000,0x00000000ece00000,0x00000000ece00000)
  from space 73216K, 49% used [0x00000000f1980000,0x00000000f3ca8698,0x00000000f6100000)
  to   space 75264K, 0% used [0x00000000ece00000,0x00000000ece00000,0x00000000f1780000)
 ParOldGen       total 263680K, used 80711K [0x0000000080000000, 0x0000000090180000, 0x00000000d5580000)
  object space 263680K, 30% used [0x0000000080000000,0x0000000084ed1e40,0x0000000090180000)
 Metaspace       used 109190K, capacity 117676K, committed 118568K, reserved 1153024K
  class space    used 13768K, capacity 15167K, committed 15408K, reserved 1048576K
Event: 7468.579 GC heap after
Heap after GC invocations=48 (full 5):
 PSYoungGen      total 460800K, used 35931K [0x00000000d5580000, 0x00000000f9480000, 0x0000000100000000)
  eden space 385536K, 0% used [0x00000000d5580000,0x00000000d5580000,0x00000000ece00000)
  from space 75264K, 47% used [0x00000000ece00000,0x00000000ef116ea8,0x00000000f1780000)
  to   space 72192K, 0% used [0x00000000f4e00000,0x00000000f4e00000,0x00000000f9480000)
 ParOldGen       total 263680K, used 80711K [0x0000000080000000, 0x0000000090180000, 0x00000000d5580000)
  object space 263680K, 30% used [0x0000000080000000,0x0000000084ed1e40,0x0000000090180000)
 Metaspace       used 109190K, capacity 117676K, committed 118568K, reserved 1153024K
  class space    used 13768K, capacity 15167K, committed 15408K, reserved 1048576K
}
Event: 7469.984 GC heap before
{Heap before GC invocations=49 (full 5):
 PSYoungGen      total 460800K, used 421467K [0x00000000d5580000, 0x00000000f9480000, 0x0000000100000000)
  eden space 385536K, 100% used [0x00000000d5580000,0x00000000ece00000,0x00000000ece00000)
  from space 75264K, 47% used [0x00000000ece00000,0x00000000ef116ea8,0x00000000f1780000)
  to   space 72192K, 0% used [0x00000000f4e00000,0x00000000f4e00000,0x00000000f9480000)
 ParOldGen       total 263680K, used 80711K [0x0000000080000000, 0x0000000090180000, 0x00000000d5580000)
  object space 263680K, 30% used [0x0000000080000000,0x0000000084ed1e40,0x0000000090180000)
 Metaspace       used 109203K, capacity 117676K, committed 118568K, reserved 1153024K
  class space    used 13768K, capacity 15167K, committed 15408K, reserved 1048576K
Event: 7470.079 GC heap after
Heap after GC invocations=49 (full 5):
 PSYoungGen      total 515584K, used 36194K [0x00000000d5580000, 0x00000000f9180000, 0x0000000100000000)
  eden space 446464K, 0% used [0x00000000d5580000,0x00000000d5580000,0x00000000f0980000)
  from space 69120K, 52% used [0x00000000f4e00000,0x00000000f7158840,0x00000000f9180000)
  to   space 69632K, 0% used [0x00000000f0980000,0x00000000f0980000,0x00000000f4d80000)
 ParOldGen       total 263680K, used 80711K [0x0000000080000000, 0x0000000090180000, 0x00000000d5580000)
  object space 263680K, 30% used [0x0000000080000000,0x0000000084ed1e40,0x0000000090180000)
 Metaspace       used 109203K, capacity 117676K, committed 118568K, reserved 1153024K
  class space    used 13768K, capacity 15167K, committed 15408K, reserved 1048576K
}
Event: 7471.684 GC heap before
{Heap before GC invocations=50 (full 5):
 PSYoungGen      total 515584K, used 482658K [0x00000000d5580000, 0x00000000f9180000, 0x0000000100000000)
  eden space 446464K, 100% used [0x00000000d5580000,0x00000000f0980000,0x00000000f0980000)
  from space 69120K, 52% used [0x00000000f4e00000,0x00000000f7158840,0x00000000f9180000)
  to   space 69632K, 0% used [0x00000000f0980000,0x00000000f0980000,0x00000000f4d80000)
 ParOldGen       total 263680K, used 80711K [0x0000000080000000, 0x0000000090180000, 0x00000000d5580000)
  object space 263680K, 30% used [0x0000000080000000,0x0000000084ed1e40,0x0000000090180000)
 Metaspace       used 109221K, capacity 117676K, committed 118568K, reserved 1153024K
  class space    used 13768K, capacity 15167K, committed 15408K, reserved 1048576K
Event: 7471.742 GC heap after
Heap after GC invocations=50 (full 5):
 PSYoungGen      total 516096K, used 29723K [0x00000000d5580000, 0x00000000fd100000, 0x0000000100000000)
  eden space 446464K, 0% used [0x00000000d5580000,0x00000000d5580000,0x00000000f0980000)
  from space 69632K, 42% used [0x00000000f0980000,0x00000000f2686d38,0x00000000f4d80000)
  to   space 67584K, 0% used [0x00000000f8f00000,0x00000000f8f00000,0x00000000fd100000)
 ParOldGen       total 263680K, used 80711K [0x0000000080000000, 0x0000000090180000, 0x00000000d5580000)
  object space 263680K, 30% used [0x0000000080000000,0x0000000084ed1e40,0x0000000090180000)
 Metaspace       used 109221K, capacity 117676K, committed 118568K, reserved 1153024K
  class space    used 13768K, capacity 15167K, committed 15408K, reserved 1048576K
}
Event: 7473.360 GC heap before
{Heap before GC invocations=51 (full 5):
 PSYoungGen      total 516096K, used 476187K [0x00000000d5580000, 0x00000000fd100000, 0x0000000100000000)
  eden space 446464K, 100% used [0x00000000d5580000,0x00000000f0980000,0x00000000f0980000)
  from space 69632K, 42% used [0x00000000f0980000,0x00000000f2686d38,0x00000000f4d80000)
  to   space 67584K, 0% used [0x00000000f8f00000,0x00000000f8f00000,0x00000000fd100000)
 ParOldGen       total 263680K, used 80711K [0x0000000080000000, 0x0000000090180000, 0x00000000d5580000)
  object space 263680K, 30% used [0x0000000080000000,0x0000000084ed1e40,0x0000000090180000)
 Metaspace       used 109249K, capacity 117750K, committed 118568K, reserved 1153024K
  class space    used 13770K, capacity 15168K, committed 15408K, reserved 1048576K
Event: 7473.426 GC heap after
Heap after GC invocations=51 (full 5):
 PSYoungGen      total 582144K, used 20731K [0x00000000d5580000, 0x00000000fd080000, 0x0000000100000000)
  eden space 515072K, 0% used [0x00000000d5580000,0x00000000d5580000,0x00000000f4c80000)
  from space 67072K, 30% used [0x00000000f8f00000,0x00000000fa33ef00,0x00000000fd080000)
  to   space 67584K, 0% used [0x00000000f4c80000,0x00000000f4c80000,0x00000000f8e80000)
 ParOldGen       total 263680K, used 89835K [0x0000000080000000, 0x0000000090180000, 0x00000000d5580000)
  object space 263680K, 34% used [0x0000000080000000,0x00000000857bac20,0x0000000090180000)
 Metaspace       used 109249K, capacity 117750K, committed 118568K, reserved 1153024K
  class space    used 13770K, capacity 15168K, committed 15408K, reserved 1048576K
}

