# JRE version: OpenJDK Runtime Environment (8.0_242-b01) (build 1.8.0_242-release-1644-b01)
# Java VM: OpenJDK 64-Bit Server VM (25.242-b01 mixed mode windows-amd64 compressed oops)
Heap:
 PSYoungGen      total 367104K, used 82647K [0x00000000d5580000, 0x00000000f2280000, 0x0000000100000000)
  eden space 334848K, 24% used [0x00000000d5580000,0x00000000da635cc8,0x00000000e9c80000)
  from space 32256K, 0% used [0x00000000e9c80000,0x00000000e9c80000,0x00000000ebc00000)
  to   space 45056K, 0% used [0x00000000ef680000,0x00000000ef680000,0x00000000f2280000)
 ParOldGen       total 112128K, used 93113K [0x0000000080000000, 0x0000000086d80000, 0x00000000d5580000)
  object space 112128K, 83% used [0x0000000080000000,0x0000000085aee658,0x0000000086d80000)
 Metaspace       used 95764K, capacity 100276K, committed 100904K, reserved 1136640K
  class space    used 12488K, capacity 13403K, committed 13616K, reserved 1048576K
GC Heap History (10 events):
Event: 45.594 GC heap before
{Heap before GC invocations=17 (full 3):
 PSYoungGen      total 245248K, used 245244K [0x00000000d5580000, 0x00000000e9d80000, 0x0000000100000000)
  eden space 224768K, 100% used [0x00000000d5580000,0x00000000e3100000,0x00000000e3100000)
  from space 20480K, 99% used [0x00000000e3100000,0x00000000e44ff058,0x00000000e4500000)
  to   space 24064K, 0% used [0x00000000e8600000,0x00000000e8600000,0x00000000e9d80000)
 ParOldGen       total 112128K, used 35904K [0x0000000080000000, 0x0000000086d80000, 0x00000000d5580000)
  object space 112128K, 32% used [0x0000000080000000,0x00000000823100e8,0x0000000086d80000)
 Metaspace       used 71764K, capacity 75264K, committed 75560K, reserved 1114112K
  class space    used 9809K, capacity 10498K, committed 10544K, reserved 1048576K
Event: 45.630 GC heap after
Heap after GC invocations=17 (full 3):
 PSYoungGen      total 299520K, used 12816K [0x00000000d5580000, 0x00000000e9700000, 0x0000000100000000)
  eden space 282112K, 0% used [0x00000000d5580000,0x00000000d5580000,0x00000000e6900000)
  from space 17408K, 73% used [0x00000000e8600000,0x00000000e92840a8,0x00000000e9700000)
  to   space 23552K, 0% used [0x00000000e6900000,0x00000000e6900000,0x00000000e8000000)
 ParOldGen       total 112128K, used 50386K [0x0000000080000000, 0x0000000086d80000, 0x00000000d5580000)
  object space 112128K, 44% used [0x0000000080000000,0x00000000831349d0,0x0000000086d80000)
 Metaspace       used 71764K, capacity 75264K, committed 75560K, reserved 1114112K
  class space    used 9809K, capacity 10498K, committed 10544K, reserved 1048576K
}
Event: 54.560 GC heap before
{Heap before GC invocations=18 (full 3):
 PSYoungGen      total 299520K, used 294853K [0x00000000d5580000, 0x00000000e9700000, 0x0000000100000000)
  eden space 282112K, 99% used [0x00000000d5580000,0x00000000e68ed488,0x00000000e6900000)
  from space 17408K, 73% used [0x00000000e8600000,0x00000000e92840a8,0x00000000e9700000)
  to   space 23552K, 0% used [0x00000000e6900000,0x00000000e6900000,0x00000000e8000000)
 ParOldGen       total 112128K, used 50386K [0x0000000080000000, 0x0000000086d80000, 0x00000000d5580000)
  object space 112128K, 44% used [0x0000000080000000,0x00000000831349d0,0x0000000086d80000)
 Metaspace       used 76162K, capacity 79808K, committed 79912K, reserved 1118208K
  class space    used 10298K, capacity 11014K, committed 11056K, reserved 1048576K
Event: 54.612 GC heap after
Heap after GC invocations=18 (full 3):
 PSYoungGen      total 305664K, used 20938K [0x00000000d5580000, 0x00000000eda00000, 0x0000000100000000)
  eden space 282112K, 0% used [0x00000000d5580000,0x00000000d5580000,0x00000000e6900000)
  from space 23552K, 88% used [0x00000000e6900000,0x00000000e7d72898,0x00000000e8000000)
  to   space 26112K, 0% used [0x00000000ec080000,0x00000000ec080000,0x00000000eda00000)
 ParOldGen       total 112128K, used 50394K [0x0000000080000000, 0x0000000086d80000, 0x00000000d5580000)
  object space 112128K, 44% used [0x0000000080000000,0x00000000831369d0,0x0000000086d80000)
 Metaspace       used 76162K, capacity 79808K, committed 79912K, reserved 1118208K
  class space    used 10298K, capacity 11014K, committed 11056K, reserved 1048576K
}
Event: 227.897 GC heap before
{Heap before GC invocations=19 (full 3):
 PSYoungGen      total 305664K, used 303050K [0x00000000d5580000, 0x00000000eda00000, 0x0000000100000000)
  eden space 282112K, 100% used [0x00000000d5580000,0x00000000e6900000,0x00000000e6900000)
  from space 23552K, 88% used [0x00000000e6900000,0x00000000e7d72898,0x00000000e8000000)
  to   space 26112K, 0% used [0x00000000ec080000,0x00000000ec080000,0x00000000eda00000)
 ParOldGen       total 112128K, used 50394K [0x0000000080000000, 0x0000000086d80000, 0x00000000d5580000)
  object space 112128K, 44% used [0x0000000080000000,0x00000000831369d0,0x0000000086d80000)
 Metaspace       used 86105K, capacity 90034K, committed 90408K, reserved 1128448K
  class space    used 11218K, capacity 11966K, committed 12080K, reserved 1048576K
Event: 227.968 GC heap after
Heap after GC invocations=19 (full 3):
 PSYoungGen      total 360960K, used 26098K [0x00000000d5580000, 0x00000000edb80000, 0x0000000100000000)
  eden space 334848K, 0% used [0x00000000d5580000,0x00000000d5580000,0x00000000e9c80000)
  from space 26112K, 99% used [0x00000000ec080000,0x00000000ed9fc830,0x00000000eda00000)
  to   space 32256K, 0% used [0x00000000e9c80000,0x00000000e9c80000,0x00000000ebc00000)
 ParOldGen       total 112128K, used 55962K [0x0000000080000000, 0x0000000086d80000, 0x00000000d5580000)
  object space 112128K, 49% used [0x0000000080000000,0x00000000836a6818,0x0000000086d80000)
 Metaspace       used 86105K, capacity 90034K, committed 90408K, reserved 1128448K
  class space    used 11218K, capacity 11966K, committed 12080K, reserved 1048576K
}
Event: 231.460 GC heap before
{Heap before GC invocations=20 (full 3):
 PSYoungGen      total 360960K, used 265606K [0x00000000d5580000, 0x00000000edb80000, 0x0000000100000000)
  eden space 334848K, 71% used [0x00000000d5580000,0x00000000e3f65000,0x00000000e9c80000)
  from space 26112K, 99% used [0x00000000ec080000,0x00000000ed9fc830,0x00000000eda00000)
  to   space 32256K, 0% used [0x00000000e9c80000,0x00000000e9c80000,0x00000000ebc00000)
 ParOldGen       total 112128K, used 55962K [0x0000000080000000, 0x0000000086d80000, 0x00000000d5580000)
  object space 112128K, 49% used [0x0000000080000000,0x00000000836a6818,0x0000000086d80000)
 Metaspace       used 93674K, capacity 98486K, committed 98600K, reserved 1134592K
  class space    used 12377K, capacity 13374K, committed 13488K, reserved 1048576K
Event: 231.546 GC heap after
Heap after GC invocations=20 (full 3):
 PSYoungGen      total 367104K, used 32248K [0x00000000d5580000, 0x00000000f2280000, 0x0000000100000000)
  eden space 334848K, 0% used [0x00000000d5580000,0x00000000d5580000,0x00000000e9c80000)
  from space 32256K, 99% used [0x00000000e9c80000,0x00000000ebbfe3f8,0x00000000ebc00000)
  to   space 45056K, 0% used [0x00000000ef680000,0x00000000ef680000,0x00000000f2280000)
 ParOldGen       total 112128K, used 76624K [0x0000000080000000, 0x0000000086d80000, 0x00000000d5580000)
  object space 112128K, 68% used [0x0000000080000000,0x0000000084ad42e8,0x0000000086d80000)
 Metaspace       used 93674K, capacity 98486K, committed 98600K, reserved 1134592K
  class space    used 12377K, capacity 13374K, committed 13488K, reserved 1048576K
}
Event: 231.546 GC heap before
{Heap before GC invocations=21 (full 4):
 PSYoungGen      total 367104K, used 32248K [0x00000000d5580000, 0x00000000f2280000, 0x0000000100000000)
  eden space 334848K, 0% used [0x00000000d5580000,0x00000000d5580000,0x00000000e9c80000)
  from space 32256K, 99% used [0x00000000e9c80000,0x00000000ebbfe3f8,0x00000000ebc00000)
  to   space 45056K, 0% used [0x00000000ef680000,0x00000000ef680000,0x00000000f2280000)
 ParOldGen       total 112128K, used 76624K [0x0000000080000000, 0x0000000086d80000, 0x00000000d5580000)
  object space 112128K, 68% used [0x0000000080000000,0x0000000084ad42e8,0x0000000086d80000)
 Metaspace       used 93674K, capacity 98486K, committed 98600K, reserved 1134592K
  class space    used 12377K, capacity 13374K, committed 13488K, reserved 1048576K
Event: 232.086 GC heap after
Heap after GC invocations=21 (full 4):
 PSYoungGen      total 367104K, used 0K [0x00000000d5580000, 0x00000000f2280000, 0x0000000100000000)
  eden space 334848K, 0% used [0x00000000d5580000,0x00000000d5580000,0x00000000e9c80000)
  from space 32256K, 0% used [0x00000000e9c80000,0x00000000e9c80000,0x00000000ebc00000)
  to   space 45056K, 0% used [0x00000000ef680000,0x00000000ef680000,0x00000000f2280000)
 ParOldGen       total 112128K, used 93113K [0x0000000080000000, 0x0000000086d80000, 0x00000000d5580000)
  object space 112128K, 83% used [0x0000000080000000,0x0000000085aee658,0x0000000086d80000)
 Metaspace       used 93280K, capacity 97558K, committed 98600K, reserved 1134592K
  class space    used 12237K, capacity 13122K, committed 13488K, reserved 1048576K
}

